0 silly input []
1 silly flags {
1 silly flags   _: [ 'bootstrap' ],
1 silly flags   'reject-cycles': false,
1 silly flags   rejectCycles: false,
1 silly flags   args: []
1 silly flags }
2 verbose rootPath F:\laragon\www\fpt-internet
3 info version 2.11.0
4 silly existsSync F:\laragon\www\fpt-internet\VERSION
5 silly initialize attempt
6 silly npmConfig {
6 silly npmConfig   registry: undefined,
6 silly npmConfig   npmClient: 'yarn',
6 silly npmConfig   npmClientArgs: undefined,
6 silly npmConfig   mutex: 'network:42424'
6 silly npmConfig }
7 silly initialize success
8 silly execute attempt
9 info Bootstrapping 10 packages
10 info lifecycle preinstall
11 silly runScript preinstall admin-module
12 silly admin-module
13 silly runScript preinstall category-module
14 silly category-module
15 silly runScript preinstall category-module
16 silly category-module
17 silly runScript preinstall group-module
18 silly group-module
19 silly runScript preinstall media-module
20 silly media-module
21 silly runScript preinstall menu-module
22 silly menu-module
23 silly runScript preinstall page-module
24 silly page-module
25 silly runScript preinstall undefined
26 silly
27 silly runScript preinstall translation-module
28 silly translation-module
29 silly runScript preinstall user-module
30 silly user-module
31 silly hasDependencyInstalled undefined cross-env
32 silly dependencyIsSatisfied [
32 silly dependencyIsSatisfied   'cross-env',
32 silly dependencyIsSatisfied   '^7.0',
32 silly dependencyIsSatisfied   'F:\\laragon\\www\\fpt-internet\\Modules\\Rating\\node_modules'
32 silly dependencyIsSatisfied ]
33 verbose dependencyIsSatisfied cross-env false
34 silly hasDependencyInstalled undefined laravel-mix
35 silly dependencyIsSatisfied [
35 silly dependencyIsSatisfied   'laravel-mix',
35 silly dependencyIsSatisfied   '^5.0.1',
35 silly dependencyIsSatisfied   'F:\\laragon\\www\\fpt-internet\\Modules\\Rating\\node_modules'
35 silly dependencyIsSatisfied ]
36 verbose dependencyIsSatisfied laravel-mix false
37 silly hasDependencyInstalled undefined laravel-mix-merge-manifest
38 silly dependencyIsSatisfied [
38 silly dependencyIsSatisfied   'laravel-mix-merge-manifest',
38 silly dependencyIsSatisfied   '^0.1.2',
38 silly dependencyIsSatisfied   'F:\\laragon\\www\\fpt-internet\\Modules\\Rating\\node_modules'
38 silly dependencyIsSatisfied ]
39 verbose dependencyIsSatisfied laravel-mix-merge-manifest false
40 silly hasDependencyInstalled page-module webpack
41 silly dependencyIsSatisfied [
41 silly dependencyIsSatisfied   'webpack',
41 silly dependencyIsSatisfied   '^5.38.1',
41 silly dependencyIsSatisfied   'F:\\laragon\\www\\fpt-internet\\Modules\\Page\\node_modules'
41 silly dependencyIsSatisfied ]
42 verbose dependencyIsSatisfied webpack false
43 silly hasDependencyInstalled admin-module bootstrap
44 silly dependencyIsSatisfied [
44 silly dependencyIsSatisfied   'bootstrap',
44 silly dependencyIsSatisfied   '^3.3.7',
44 silly dependencyIsSatisfied   'F:\\laragon\\www\\fpt-internet\\Modules\\Admin\\node_modules'
44 silly dependencyIsSatisfied ]
45 verbose dependencyIsSatisfied bootstrap false
46 silly hasDependencyInstalled admin-module chart.js
47 silly dependencyIsSatisfied [
47 silly dependencyIsSatisfied   'chart.js',
47 silly dependencyIsSatisfied   '^2.7.3',
47 silly dependencyIsSatisfied   'F:\\laragon\\www\\fpt-internet\\Modules\\Admin\\node_modules'
47 silly dependencyIsSatisfied ]
48 verbose dependencyIsSatisfied chart.js false
49 silly hasDependencyInstalled admin-module datatables.net
50 silly dependencyIsSatisfied [
50 silly dependencyIsSatisfied   'datatables.net',
50 silly dependencyIsSatisfied   '^1.10.15',
50 silly dependencyIsSatisfied   'F:\\laragon\\www\\fpt-internet\\Modules\\Admin\\node_modules'
50 silly dependencyIsSatisfied ]
51 verbose dependencyIsSatisfied datatables.net false
52 silly hasDependencyInstalled admin-module datatables.net-bs
53 silly dependencyIsSatisfied [
53 silly dependencyIsSatisfied   'datatables.net-bs',
53 silly dependencyIsSatisfied   '^1.10.15',
53 silly dependencyIsSatisfied   'F:\\laragon\\www\\fpt-internet\\Modules\\Admin\\node_modules'
53 silly dependencyIsSatisfied ]
54 verbose dependencyIsSatisfied datatables.net-bs false
55 silly hasDependencyInstalled admin-module flatpickr
56 silly dependencyIsSatisfied [
56 silly dependencyIsSatisfied   'flatpickr',
56 silly dependencyIsSatisfied   '^3.0.6',
56 silly dependencyIsSatisfied   'F:\\laragon\\www\\fpt-internet\\Modules\\Admin\\node_modules'
56 silly dependencyIsSatisfied ]
57 verbose dependencyIsSatisfied flatpickr false
58 silly hasDependencyInstalled admin-module font-awesome
59 silly dependencyIsSatisfied [
59 silly dependencyIsSatisfied   'font-awesome',
59 silly dependencyIsSatisfied   '^4.7.0',
59 silly dependencyIsSatisfied   'F:\\laragon\\www\\fpt-internet\\Modules\\Admin\\node_modules'
59 silly dependencyIsSatisfied ]
60 verbose dependencyIsSatisfied font-awesome false
61 silly hasDependencyInstalled admin-module jquery
62 silly dependencyIsSatisfied [
62 silly dependencyIsSatisfied   'jquery',
62 silly dependencyIsSatisfied   '^3.2.1',
62 silly dependencyIsSatisfied   'F:\\laragon\\www\\fpt-internet\\Modules\\Admin\\node_modules'
62 silly dependencyIsSatisfied ]
63 verbose dependencyIsSatisfied jquery false
64 silly hasDependencyInstalled admin-module jquery-slimscroll
65 silly dependencyIsSatisfied [
65 silly dependencyIsSatisfied   'jquery-slimscroll',
65 silly dependencyIsSatisfied   '^1.3.8',
65 silly dependencyIsSatisfied   'F:\\laragon\\www\\fpt-internet\\Modules\\Admin\\node_modules'
65 silly dependencyIsSatisfied ]
66 verbose dependencyIsSatisfied jquery-slimscroll false
67 silly hasDependencyInstalled admin-module lodash
68 silly dependencyIsSatisfied [
68 silly dependencyIsSatisfied   'lodash',
68 silly dependencyIsSatisfied   '^4.17.4',
68 silly dependencyIsSatisfied   'F:\\laragon\\www\\fpt-internet\\Modules\\Admin\\node_modules'
68 silly dependencyIsSatisfied ]
69 verbose dependencyIsSatisfied lodash false
70 silly hasDependencyInstalled admin-module mousetrap
71 silly dependencyIsSatisfied [
71 silly dependencyIsSatisfied   'mousetrap',
71 silly dependencyIsSatisfied   '^1.6.1',
71 silly dependencyIsSatisfied   'F:\\laragon\\www\\fpt-internet\\Modules\\Admin\\node_modules'
71 silly dependencyIsSatisfied ]
72 verbose dependencyIsSatisfied mousetrap false
73 silly hasDependencyInstalled admin-module nprogress
74 silly dependencyIsSatisfied [
74 silly dependencyIsSatisfied   'nprogress',
74 silly dependencyIsSatisfied   '^0.2.0',
74 silly dependencyIsSatisfied   'F:\\laragon\\www\\fpt-internet\\Modules\\Admin\\node_modules'
74 silly dependencyIsSatisfied ]
75 verbose dependencyIsSatisfied nprogress false
76 silly hasDependencyInstalled admin-module selectize
77 silly dependencyIsSatisfied [
77 silly dependencyIsSatisfied   'selectize',
77 silly dependencyIsSatisfied   '^0.12.6',
77 silly dependencyIsSatisfied   'F:\\laragon\\www\\fpt-internet\\Modules\\Admin\\node_modules'
77 silly dependencyIsSatisfied ]
78 verbose dependencyIsSatisfied selectize false
79 silly hasDependencyInstalled admin-module sortablejs
80 silly dependencyIsSatisfied [
80 silly dependencyIsSatisfied   'sortablejs',
80 silly dependencyIsSatisfied   'https://github.com/RubaXa/Sortable',
80 silly dependencyIsSatisfied   'F:\\laragon\\www\\fpt-internet\\Modules\\Admin\\node_modules'
80 silly dependencyIsSatisfied ]
81 verbose dependencyIsSatisfied sortablejs false
82 silly hasDependencyInstalled admin-module tinymce
83 silly dependencyIsSatisfied [
83 silly dependencyIsSatisfied   'tinymce',
83 silly dependencyIsSatisfied   '^5.2.2',
83 silly dependencyIsSatisfied   'F:\\laragon\\www\\fpt-internet\\Modules\\Admin\\node_modules'
83 silly dependencyIsSatisfied ]
84 verbose dependencyIsSatisfied tinymce false
85 silly hasDependencyInstalled category-module jstree
86 silly dependencyIsSatisfied [
86 silly dependencyIsSatisfied   'jstree',
86 silly dependencyIsSatisfied   '^3.3.9',
86 silly dependencyIsSatisfied   'F:\\laragon\\www\\fpt-internet\\Modules\\Category\\node_modules'
86 silly dependencyIsSatisfied ]
87 verbose dependencyIsSatisfied jstree false
88 silly hasDependencyInstalled category-module jstree
89 silly dependencyIsSatisfied [
89 silly dependencyIsSatisfied   'jstree',
89 silly dependencyIsSatisfied   '^3.3.9',
89 silly dependencyIsSatisfied   'F:\\laragon\\www\\fpt-internet\\Modules\\Category\\node_modules'
89 silly dependencyIsSatisfied ]
90 verbose dependencyIsSatisfied jstree false
91 silly hasDependencyInstalled group-module jstree
92 silly dependencyIsSatisfied [
92 silly dependencyIsSatisfied   'jstree',
92 silly dependencyIsSatisfied   '^3.3.9',
92 silly dependencyIsSatisfied   'F:\\laragon\\www\\fpt-internet\\Modules\\Group\\node_modules'
92 silly dependencyIsSatisfied ]
93 verbose dependencyIsSatisfied jstree false
94 silly hasDependencyInstalled media-module dropzone
95 silly dependencyIsSatisfied [
95 silly dependencyIsSatisfied   'dropzone',
95 silly dependencyIsSatisfied   '^5.4.0',
95 silly dependencyIsSatisfied   'F:\\laragon\\www\\fpt-internet\\Modules\\Media\\node_modules'
95 silly dependencyIsSatisfied ]
96 verbose dependencyIsSatisfied dropzone false
97 silly hasDependencyInstalled menu-module nestable2
98 silly dependencyIsSatisfied [
98 silly dependencyIsSatisfied   'nestable2',
98 silly dependencyIsSatisfied   '^1.6.0',
98 silly dependencyIsSatisfied   'F:\\laragon\\www\\fpt-internet\\Modules\\Menu\\node_modules'
98 silly dependencyIsSatisfied ]
99 verbose dependencyIsSatisfied nestable2 false
100 silly hasDependencyInstalled page-module grapesjs
101 silly dependencyIsSatisfied [
101 silly dependencyIsSatisfied   'grapesjs',
101 silly dependencyIsSatisfied   '^0.17.4',
101 silly dependencyIsSatisfied   'F:\\laragon\\www\\fpt-internet\\Modules\\Page\\node_modules'
101 silly dependencyIsSatisfied ]
102 verbose dependencyIsSatisfied grapesjs false
103 silly hasDependencyInstalled translation-module x-editable
104 silly dependencyIsSatisfied [
104 silly dependencyIsSatisfied   'x-editable',
104 silly dependencyIsSatisfied   '^1.5.1',
104 silly dependencyIsSatisfied   'F:\\laragon\\www\\fpt-internet\\Modules\\Translation\\node_modules'
104 silly dependencyIsSatisfied ]
105 verbose dependencyIsSatisfied x-editable false
106 silly root dependencies []
107 silly leaf dependencies {
107 silly leaf dependencies   "undefined": [
107 silly leaf dependencies     {
107 silly leaf dependencies       "dependency": "cross-env@^7.0",
107 silly leaf dependencies       "isSatisfied": false
107 silly leaf dependencies     },
107 silly leaf dependencies     {
107 silly leaf dependencies       "dependency": "laravel-mix@^5.0.1",
107 silly leaf dependencies       "isSatisfied": false
107 silly leaf dependencies     },
107 silly leaf dependencies     {
107 silly leaf dependencies       "dependency": "laravel-mix-merge-manifest@^0.1.2",
107 silly leaf dependencies       "isSatisfied": false
107 silly leaf dependencies     }
107 silly leaf dependencies   ],
107 silly leaf dependencies   "page-module": [
107 silly leaf dependencies     {
107 silly leaf dependencies       "dependency": "webpack@^5.38.1",
107 silly leaf dependencies       "isSatisfied": false
107 silly leaf dependencies     },
107 silly leaf dependencies     {
107 silly leaf dependencies       "dependency": "grapesjs@^0.17.4",
107 silly leaf dependencies       "isSatisfied": false
107 silly leaf dependencies     }
107 silly leaf dependencies   ],
107 silly leaf dependencies   "admin-module": [
107 silly leaf dependencies     {
107 silly leaf dependencies       "dependency": "bootstrap@^3.3.7",
107 silly leaf dependencies       "isSatisfied": false
107 silly leaf dependencies     },
107 silly leaf dependencies     {
107 silly leaf dependencies       "dependency": "chart.js@^2.7.3",
107 silly leaf dependencies       "isSatisfied": false
107 silly leaf dependencies     },
107 silly leaf dependencies     {
107 silly leaf dependencies       "dependency": "datatables.net@^1.10.15",
107 silly leaf dependencies       "isSatisfied": false
107 silly leaf dependencies     },
107 silly leaf dependencies     {
107 silly leaf dependencies       "dependency": "datatables.net-bs@^1.10.15",
107 silly leaf dependencies       "isSatisfied": false
107 silly leaf dependencies     },
107 silly leaf dependencies     {
107 silly leaf dependencies       "dependency": "flatpickr@^3.0.6",
107 silly leaf dependencies       "isSatisfied": false
107 silly leaf dependencies     },
107 silly leaf dependencies     {
107 silly leaf dependencies       "dependency": "font-awesome@^4.7.0",
107 silly leaf dependencies       "isSatisfied": false
107 silly leaf dependencies     },
107 silly leaf dependencies     {
107 silly leaf dependencies       "dependency": "jquery@^3.2.1",
107 silly leaf dependencies       "isSatisfied": false
107 silly leaf dependencies     },
107 silly leaf dependencies     {
107 silly leaf dependencies       "dependency": "jquery-slimscroll@^1.3.8",
107 silly leaf dependencies       "isSatisfied": false
107 silly leaf dependencies     },
107 silly leaf dependencies     {
107 silly leaf dependencies       "dependency": "lodash@^4.17.4",
107 silly leaf dependencies       "isSatisfied": false
107 silly leaf dependencies     },
107 silly leaf dependencies     {
107 silly leaf dependencies       "dependency": "mousetrap@^1.6.1",
107 silly leaf dependencies       "isSatisfied": false
107 silly leaf dependencies     },
107 silly leaf dependencies     {
107 silly leaf dependencies       "dependency": "nprogress@^0.2.0",
107 silly leaf dependencies       "isSatisfied": false
107 silly leaf dependencies     },
107 silly leaf dependencies     {
107 silly leaf dependencies       "dependency": "selectize@^0.12.6",
107 silly leaf dependencies       "isSatisfied": false
107 silly leaf dependencies     },
107 silly leaf dependencies     {
107 silly leaf dependencies       "dependency": "sortablejs@https://github.com/RubaXa/Sortable",
107 silly leaf dependencies       "isSatisfied": false
107 silly leaf dependencies     },
107 silly leaf dependencies     {
107 silly leaf dependencies       "dependency": "tinymce@^5.2.2",
107 silly leaf dependencies       "isSatisfied": false
107 silly leaf dependencies     }
107 silly leaf dependencies   ],
107 silly leaf dependencies   "category-module": [
107 silly leaf dependencies     {
107 silly leaf dependencies       "dependency": "jstree@^3.3.9",
107 silly leaf dependencies       "isSatisfied": false
107 silly leaf dependencies     },
107 silly leaf dependencies     {
107 silly leaf dependencies       "dependency": "jstree@^3.3.9",
107 silly leaf dependencies       "isSatisfied": false
107 silly leaf dependencies     }
107 silly leaf dependencies   ],
107 silly leaf dependencies   "group-module": [
107 silly leaf dependencies     {
107 silly leaf dependencies       "dependency": "jstree@^3.3.9",
107 silly leaf dependencies       "isSatisfied": false
107 silly leaf dependencies     }
107 silly leaf dependencies   ],
107 silly leaf dependencies   "media-module": [
107 silly leaf dependencies     {
107 silly leaf dependencies       "dependency": "dropzone@^5.4.0",
107 silly leaf dependencies       "isSatisfied": false
107 silly leaf dependencies     }
107 silly leaf dependencies   ],
107 silly leaf dependencies   "menu-module": [
107 silly leaf dependencies     {
107 silly leaf dependencies       "dependency": "nestable2@^1.6.0",
107 silly leaf dependencies       "isSatisfied": false
107 silly leaf dependencies     }
107 silly leaf dependencies   ],
107 silly leaf dependencies   "translation-module": [
107 silly leaf dependencies     {
107 silly leaf dependencies       "dependency": "x-editable@^1.5.1",
107 silly leaf dependencies       "isSatisfied": false
107 silly leaf dependencies     }
107 silly leaf dependencies   ]
107 silly leaf dependencies }
108 info Installing external dependencies
109 verbose actions 8 actions, concurrency 4
110 silly installInDir Rating [
110 silly installInDir   'cross-env@^7.0',
110 silly installInDir   'laravel-mix@^5.0.1',
110 silly installInDir   'laravel-mix-merge-manifest@^0.1.2'
110 silly installInDir ]
111 silly installInDir backup F:\laragon\www\fpt-internet\Modules\Rating\package.json
112 silly rename [
112 silly rename   'F:\\laragon\\www\\fpt-internet\\Modules\\Rating\\package.json',
112 silly rename   'F:\\laragon\\www\\fpt-internet\\Modules\\Rating\\package.json.lerna_backup'
112 silly rename ]
113 silly installInDir Page [ 'webpack@^5.38.1', 'grapesjs@^0.17.4' ]
114 silly installInDir backup F:\laragon\www\fpt-internet\Modules\Page\package.json
115 silly rename [
115 silly rename   'F:\\laragon\\www\\fpt-internet\\Modules\\Page\\package.json',
115 silly rename   'F:\\laragon\\www\\fpt-internet\\Modules\\Page\\package.json.lerna_backup'
115 silly rename ]
116 silly installInDir Admin [
116 silly installInDir   'bootstrap@^3.3.7',
116 silly installInDir   'chart.js@^2.7.3',
116 silly installInDir   'datatables.net@^1.10.15',
116 silly installInDir   'datatables.net-bs@^1.10.15',
116 silly installInDir   'flatpickr@^3.0.6',
116 silly installInDir   'font-awesome@^4.7.0',
116 silly installInDir   'jquery@^3.2.1',
116 silly installInDir   'jquery-slimscroll@^1.3.8',
116 silly installInDir   'lodash@^4.17.4',
116 silly installInDir   'mousetrap@^1.6.1',
116 silly installInDir   'nprogress@^0.2.0',
116 silly installInDir   'selectize@^0.12.6',
116 silly installInDir   'sortablejs@https://github.com/RubaXa/Sortable',
116 silly installInDir   'tinymce@^5.2.2'
116 silly installInDir ]
117 silly installInDir backup F:\laragon\www\fpt-internet\Modules\Admin\package.json
118 silly rename [
118 silly rename   'F:\\laragon\\www\\fpt-internet\\Modules\\Admin\\package.json',
118 silly rename   'F:\\laragon\\www\\fpt-internet\\Modules\\Admin\\package.json.lerna_backup'
118 silly rename ]
119 silly installInDir CategoryService [ 'jstree@^3.3.9', 'jstree@^3.3.9' ]
120 silly installInDir backup F:\laragon\www\fpt-internet\Modules\CategoryService\package.json
121 silly rename [
121 silly rename   'F:\\laragon\\www\\fpt-internet\\Modules\\CategoryService\\package.json',
121 silly rename   'F:\\laragon\\www\\fpt-internet\\Modules\\CategoryService\\package.json.lerna_backup'
121 silly rename ]
122 silly installInDir writing tempJson {
122 silly installInDir   dependencies: {
122 silly installInDir     'cross-env': '^7.0',
122 silly installInDir     'laravel-mix': '^5.0.1',
122 silly installInDir     'laravel-mix-merge-manifest': '^0.1.2'
122 silly installInDir   }
122 silly installInDir }
123 silly installInDir writing tempJson { dependencies: { webpack: '^5.38.1', grapesjs: '^0.17.4' } }
124 silly installInDir writing tempJson {
124 silly installInDir   dependencies: {
124 silly installInDir     bootstrap: '^3.3.7',
124 silly installInDir     'chart.js': '^2.7.3',
124 silly installInDir     'datatables.net': '^1.10.15',
124 silly installInDir     'datatables.net-bs': '^1.10.15',
124 silly installInDir     flatpickr: '^3.0.6',
124 silly installInDir     'font-awesome': '^4.7.0',
124 silly installInDir     jquery: '^3.2.1',
124 silly installInDir     'jquery-slimscroll': '^1.3.8',
124 silly installInDir     lodash: '^4.17.4',
124 silly installInDir     mousetrap: '^1.6.1',
124 silly installInDir     nprogress: '^0.2.0',
124 silly installInDir     selectize: '^0.12.6',
124 silly installInDir     sortablejs: 'https://github.com/RubaXa/Sortable',
124 silly installInDir     tinymce: '^5.2.2'
124 silly installInDir   }
124 silly installInDir }
125 silly installInDir writing tempJson { dependencies: { jstree: '^3.3.9' } }
126 silly getExecOpts { cwd: 'F:\\laragon\\www\\fpt-internet\\Modules\\Admin' }
127 silly installInDir [
127 silly installInDir   'yarn',
127 silly installInDir   [ 'install', '--mutex', 'network:42424', '--non-interactive' ]
127 silly installInDir ]
128 silly getExecOpts { cwd: 'F:\\laragon\\www\\fpt-internet\\Modules\\Rating' }
129 silly installInDir [
129 silly installInDir   'yarn',
129 silly installInDir   [ 'install', '--mutex', 'network:42424', '--non-interactive' ]
129 silly installInDir ]
130 silly getExecOpts { cwd: 'F:\\laragon\\www\\fpt-internet\\Modules\\CategoryService' }
131 silly installInDir [
131 silly installInDir   'yarn',
131 silly installInDir   [ 'install', '--mutex', 'network:42424', '--non-interactive' ]
131 silly installInDir ]
132 silly getExecOpts { cwd: 'F:\\laragon\\www\\fpt-internet\\Modules\\Page' }
133 silly installInDir [
133 silly installInDir   'yarn',
133 silly installInDir   [ 'install', '--mutex', 'network:42424', '--non-interactive' ]
133 silly installInDir ]
134 silly installInDir cleanup F:\laragon\www\fpt-internet\Modules\Admin\package.json
135 silly renameSync [
135 silly renameSync   'F:\\laragon\\www\\fpt-internet\\Modules\\Admin\\package.json.lerna_backup',
135 silly renameSync   'F:\\laragon\\www\\fpt-internet\\Modules\\Admin\\package.json'
135 silly renameSync ]
136 verbose installed leaf admin-module
137 error execute callback with error
138 error Error: spawn yarn ENOENT
138 error     at notFoundError (F:\laragon\www\fpt-internet\node_modules\lerna\node_modules\cross-spawn\lib\enoent.js:11:11)
138 error     at verifyENOENT (F:\laragon\www\fpt-internet\node_modules\lerna\node_modules\cross-spawn\lib\enoent.js:46:16)
138 error     at cp.emit (F:\laragon\www\fpt-internet\node_modules\lerna\node_modules\cross-spawn\lib\enoent.js:33:19)
